Using pre-set license
Built from '2020.3/staging' branch; Version is '2020.3.35f1 (18e4db7a9996) revision 1631451'; Using compiler version '192528614'; Build Type 'Release'
OS: 'Windows 10  (10.0.19044) 64bit Professional' Language: 'tr' Physical Memory: 6082 MB
BatchMode: 1, IsHumanControllingUs: 0, StartBugReporterOnCrash: 0, Is64bit: 1, IsPro: 0

COMMAND LINE ARGUMENTS:
D:\irfanSOLAKHANHAZRETLERi\Editor\Unity.exe
-adb2
-batchMode
-noUpm
-name
AssetImportWorker0
-projectPath
C:/Users/esra solak/Desktop/Unity Files/Panteon
-logFile
Logs/AssetImportWorker0.log
-srvPort
54328
Successfully changed project path to: C:/Users/esra solak/Desktop/Unity Files/Panteon
C:/Users/esra solak/Desktop/Unity Files/Panteon
Using Asset Import Pipeline V2.
Refreshing native plugins compatible for Editor in 63.22 ms, found 2 plugins.
Preloading 0 native plugins for Editor in 0.00 ms.
Initialize engine version: 2020.3.35f1 (18e4db7a9996)
[Subsystems] Discovering subsystems at path D:/irfanSOLAKHANHAZRETLERi/Editor/Data/Resources/UnitySubsystems
[Subsystems] Discovering subsystems at path C:/Users/esra solak/Desktop/Unity Files/Panteon/Assets
GfxDevice: creating device client; threaded=0
Direct3D:
    Version:  Direct3D 11.0 [level 11.1]
    Renderer: Radeon RX 560X Series (ID=0x67ef)
    Vendor:   
    VRAM:     4076 MB
    Driver:   30.0.13023.4001
Initialize mono
Mono path[0] = 'D:/irfanSOLAKHANHAZRETLERi/Editor/Data/Managed'
Mono path[1] = 'D:/irfanSOLAKHANHAZRETLERi/Editor/Data/MonoBleedingEdge/lib/mono/unityjit'
Mono config path = 'D:/irfanSOLAKHANHAZRETLERi/Editor/Data/MonoBleedingEdge/etc'
Using monoOptions --debugger-agent=transport=dt_socket,embedding=1,server=y,suspend=n,address=127.0.0.1:56700
Begin MonoManager ReloadAssembly
Registering precompiled unity dll's ...
Register platform support module: D:/irfanSOLAKHANHAZRETLERi/Editor/Data/PlaybackEngines/WindowsStandaloneSupport/UnityEditor.WindowsStandalone.Extensions.dll
Registered in 0.001245 seconds.
Native extension for WindowsStandalone target not found
Refreshing native plugins compatible for Editor in 72.93 ms, found 2 plugins.
Preloading 0 native plugins for Editor in 0.00 ms.
Mono: successfully reloaded assembly
- Completed reload, in  0.767 seconds
Domain Reload Profiling:
	ReloadAssembly (767ms)
		BeginReloadAssembly (71ms)
			ExecutionOrderSort (0ms)
			DisableScriptedObjects (0ms)
			BackupInstance (0ms)
			ReleaseScriptingObjects (0ms)
			CreateAndSetChildDomain (1ms)
		EndReloadAssembly (618ms)
			LoadAssemblies (70ms)
			RebuildTransferFunctionScriptingTraits (0ms)
			SetupTypeCache (174ms)
			ReleaseScriptCaches (0ms)
			RebuildScriptCaches (38ms)
			SetupLoadedEditorAssemblies (271ms)
				LogAssemblyErrors (0ms)
				InitializePlatformSupportModulesInManaged (6ms)
				SetLoadedEditorAssemblies (0ms)
				RefreshPlugins (73ms)
				BeforeProcessingInitializeOnLoad (22ms)
				ProcessInitializeOnLoadAttributes (126ms)
				ProcessInitializeOnLoadMethodAttributes (44ms)
				AfterProcessingInitializeOnLoad (0ms)
				EditorAssembliesLoaded (0ms)
			ExecutionOrderSort2 (0ms)
			AwakeInstancesAfterBackupRestoration (0ms)
Platform modules already initialized, skipping
Registering precompiled user dll's ...
Registered in 0.006801 seconds.
Begin MonoManager ReloadAssembly
Native extension for WindowsStandalone target not found
Refreshing native plugins compatible for Editor in 67.69 ms, found 2 plugins.
Preloading 0 native plugins for Editor in 0.00 ms.
Mono: successfully reloaded assembly
- Completed reload, in  1.510 seconds
Domain Reload Profiling:
	ReloadAssembly (1511ms)
		BeginReloadAssembly (198ms)
			ExecutionOrderSort (0ms)
			DisableScriptedObjects (6ms)
			BackupInstance (0ms)
			ReleaseScriptingObjects (0ms)
			CreateAndSetChildDomain (25ms)
		EndReloadAssembly (1239ms)
			LoadAssemblies (129ms)
			RebuildTransferFunctionScriptingTraits (0ms)
			SetupTypeCache (419ms)
			ReleaseScriptCaches (1ms)
			RebuildScriptCaches (70ms)
			SetupLoadedEditorAssemblies (465ms)
				LogAssemblyErrors (0ms)
				InitializePlatformSupportModulesInManaged (5ms)
				SetLoadedEditorAssemblies (0ms)
				RefreshPlugins (68ms)
				BeforeProcessingInitializeOnLoad (110ms)
				ProcessInitializeOnLoadAttributes (261ms)
				ProcessInitializeOnLoadMethodAttributes (18ms)
				AfterProcessingInitializeOnLoad (3ms)
				EditorAssembliesLoaded (0ms)
			ExecutionOrderSort2 (0ms)
			AwakeInstancesAfterBackupRestoration (2ms)
Platform modules already initialized, skipping
========================================================================
Worker process is ready to serve import requests
Launched and connected shader compiler UnityShaderCompiler.exe after 0.09 seconds
Refreshing native plugins compatible for Editor in 0.60 ms, found 2 plugins.
Preloading 0 native plugins for Editor in 0.00 ms.
Unloading 2828 Unused Serialized files (Serialized files now loaded: 0)
System memory in use before: 128.5 MB.
System memory in use after: 128.7 MB.

Unloading 17 unused Assets to reduce memory usage. Loaded Objects now: 3266.
Total: 4.470200 ms (FindLiveObjects: 0.289700 ms CreateObjectMapping: 0.094700 ms MarkObjects: 3.986100 ms  DeleteObjects: 0.098600 ms)

AssetImportParameters requested are different than current active one (requested -> active):
  custom:framework-win-MediaFoundation: 216162199b28c13a410421893ffa2e32 -> 
  custom:video-decoder-ogg-theora: a1e56fd34408186e4bbccfd4996cb3dc -> 
  custom:container-muxer-webm: aa71ff27fc2769a1b78a27578f13a17b -> 
  custom:container-demuxer-webm: 4f35f7cbe854078d1ac9338744f61a02 -> 
  custom:container-demuxer-ogg: 62fdf1f143b41e24485cea50d1cbac27 -> 
  custom:video-encoder-webm-vp8: eb34c28f22e8b96e1ab97ce403110664 -> 
  custom:video-decoder-webm-vp8: 9c59270c3fd7afecdb556c50c9e8de78 -> 
  custom:audio-decoder-ogg-vorbis: bf7c407c2cedff20999df2af8eb42d56 -> 
  custom:audio-encoder-webm-vorbis: bf7c407c2cedff20999df2af8eb42d56 -> 
========================================================================
Received Import Request.
  path: Assets/Task3RankingScript.cs
  artifactKey: Guid(6923fc35be86ab64e97fe88fee84c23b) Importer(815301076,1909f56bfc062723c751e8b465ee728b)
Start importing Assets/Task3RankingScript.cs using Guid(6923fc35be86ab64e97fe88fee84c23b) Importer(815301076,1909f56bfc062723c751e8b465ee728b)  -> (artifact id: '5f9dc3a8dc2390f0fceca0978f3c0ba0') in 0.077140 seconds 
========================================================================
Received Import Request.
  Time since last request: 46.956688 seconds.
  path: Assets/PlayerCharacter/clothes1.mat
  artifactKey: Guid(8262e7cc3ea73374ba87712a1348d87e) Importer(815301076,1909f56bfc062723c751e8b465ee728b)
Start importing Assets/PlayerCharacter/clothes1.mat using Guid(8262e7cc3ea73374ba87712a1348d87e) Importer(815301076,1909f56bfc062723c751e8b465ee728b)  -> (artifact id: '9c39782ce0013ecea60211dfc3dabcd8') in 0.259829 seconds 
========================================================================
Received Import Request.
  Time since last request: 0.000253 seconds.
  path: Assets/PlayerCharacter/phong1.mat
  artifactKey: Guid(06b78c3ad36f2e144806c24ebb1f40e7) Importer(815301076,1909f56bfc062723c751e8b465ee728b)
Start importing Assets/PlayerCharacter/phong1.mat using Guid(06b78c3ad36f2e144806c24ebb1f40e7) Importer(815301076,1909f56bfc062723c751e8b465ee728b)  -> (artifact id: '15975401c513710f1690b21c1ff0fdac') in 0.033811 seconds 
========================================================================
Received Import Request.
  Time since last request: 0.000365 seconds.
  path: Assets/PlayerCharacter/skin1.mat
  artifactKey: Guid(0f7b546bccb396e4db4bdb716af52e5e) Importer(815301076,1909f56bfc062723c751e8b465ee728b)
Start importing Assets/PlayerCharacter/skin1.mat using Guid(0f7b546bccb396e4db4bdb716af52e5e) Importer(815301076,1909f56bfc062723c751e8b465ee728b)  -> (artifact id: 'a8a9d0c7e5408f383c12f37e75355732') in 0.025099 seconds 
========================================================================
Received Import Request.
  Time since last request: 17.186019 seconds.
  path: Assets/Task3/OpponentCharacter/clothes.mat
  artifactKey: Guid(f48260b16fc1be54b9e59ca47459211f) Importer(815301076,1909f56bfc062723c751e8b465ee728b)
Start importing Assets/Task3/OpponentCharacter/clothes.mat using Guid(f48260b16fc1be54b9e59ca47459211f) Importer(815301076,1909f56bfc062723c751e8b465ee728b)  -> (artifact id: '90f68205cf04bfb6994443fed8097b15') in 0.024836 seconds 
========================================================================
Received Import Request.
  Time since last request: 0.000247 seconds.
  path: Assets/Task3/OpponentCharacter/skin.mat
  artifactKey: Guid(abf7142bba0d0ee4f9c9d96a224e16d7) Importer(815301076,1909f56bfc062723c751e8b465ee728b)
Start importing Assets/Task3/OpponentCharacter/skin.mat using Guid(abf7142bba0d0ee4f9c9d96a224e16d7) Importer(815301076,1909f56bfc062723c751e8b465ee728b)  -> (artifact id: 'fcf0b5d48bb6a7d316ff91891079cc85') in 0.019826 seconds 
========================================================================
Received Import Request.
  Time since last request: 0.000373 seconds.
  path: Assets/Task3/OpponentCharacter/phong1.mat
  artifactKey: Guid(2246801afdd74bc428f1fe91a699d0e6) Importer(815301076,1909f56bfc062723c751e8b465ee728b)
Start importing Assets/Task3/OpponentCharacter/phong1.mat using Guid(2246801afdd74bc428f1fe91a699d0e6) Importer(815301076,1909f56bfc062723c751e8b465ee728b)  -> (artifact id: '7d774307a15e3bd96bf6dc9397da6da0') in 0.015819 seconds 
========================================================================
Received Prepare
Registering precompiled user dll's ...
Registered in 0.004979 seconds.
Begin MonoManager ReloadAssembly
Native extension for WindowsStandalone target not found
Refreshing native plugins compatible for Editor in 0.59 ms, found 2 plugins.
Preloading 0 native plugins for Editor in 0.00 ms.
Mono: successfully reloaded assembly
- Completed reload, in  1.251 seconds
Domain Reload Profiling:
	ReloadAssembly (1252ms)
		BeginReloadAssembly (147ms)
			ExecutionOrderSort (0ms)
			DisableScriptedObjects (7ms)
			BackupInstance (0ms)
			ReleaseScriptingObjects (0ms)
			CreateAndSetChildDomain (44ms)
		EndReloadAssembly (1040ms)
			LoadAssemblies (106ms)
			RebuildTransferFunctionScriptingTraits (0ms)
			SetupTypeCache (346ms)
			ReleaseScriptCaches (2ms)
			RebuildScriptCaches (55ms)
			SetupLoadedEditorAssemblies (365ms)
				LogAssemblyErrors (0ms)
				InitializePlatformSupportModulesInManaged (4ms)
				SetLoadedEditorAssemblies (1ms)
				RefreshPlugins (1ms)
				BeforeProcessingInitializeOnLoad (106ms)
				ProcessInitializeOnLoadAttributes (234ms)
				ProcessInitializeOnLoadMethodAttributes (16ms)
				AfterProcessingInitializeOnLoad (3ms)
				EditorAssembliesLoaded (0ms)
			ExecutionOrderSort2 (0ms)
			AwakeInstancesAfterBackupRestoration (13ms)
Platform modules already initialized, skipping
Refreshing native plugins compatible for Editor in 0.58 ms, found 2 plugins.
Preloading 0 native plugins for Editor in 0.00 ms.
Unloading 2718 Unused Serialized files (Serialized files now loaded: 0)
System memory in use before: 126.4 MB.
System memory in use after: 126.6 MB.

Unloading 12 unused Assets to reduce memory usage. Loaded Objects now: 3347.
Total: 4.218000 ms (FindLiveObjects: 0.328700 ms CreateObjectMapping: 0.113400 ms MarkObjects: 3.746800 ms  DeleteObjects: 0.027500 ms)

AssetImportParameters requested are different than current active one (requested -> active):
  custom:framework-win-MediaFoundation: 216162199b28c13a410421893ffa2e32 -> 
  custom:video-decoder-ogg-theora: a1e56fd34408186e4bbccfd4996cb3dc -> 
  custom:container-muxer-webm: aa71ff27fc2769a1b78a27578f13a17b -> 
  custom:container-demuxer-webm: 4f35f7cbe854078d1ac9338744f61a02 -> 
  custom:container-demuxer-ogg: 62fdf1f143b41e24485cea50d1cbac27 -> 
  custom:video-encoder-webm-vp8: eb34c28f22e8b96e1ab97ce403110664 -> 
  custom:video-decoder-webm-vp8: 9c59270c3fd7afecdb556c50c9e8de78 -> 
  custom:audio-decoder-ogg-vorbis: bf7c407c2cedff20999df2af8eb42d56 -> 
  custom:audio-encoder-webm-vorbis: bf7c407c2cedff20999df2af8eb42d56 -> 
AssetImportWorkerClient::OnTransportError - code=2 error=End of file
